Unity Editor version:    2022.3.18f1 (d29bea25151d)
Branch:                  2022.3/release
Build type:              Release
Batch mode:              YES
macOS version:           Version 14.6.1 (Build 23G93)
Darwin version:          23.6.0
Architecture:            x86_64
Running under Rosetta:   NO
Available memory:        65536 MB
[Licensing::Module] Trying to connect to existing licensing client channel...
[Licensing::IpcConnector] Successfully connected to the License Client on channel: "LicenseClient-konradhanus" at "2024-08-10T08:48:34.529106Z"
[Licensing::Client] Handshaking with LicensingClient:
  Version:                 1.15.4+eee609c
  Session Id:              2383d8484eea470890eae3d31fec3151
  Correlation Id:          fa28eef4d509c21deec986ebab54466e
  External correlation Id: 181822415809413125
  Machine Id:              leHcFM1IjBbJ70C4juIh0PM2oIU=
[Licensing::Module] Successfully connected to LicensingClient on channel: "LicenseClient-konradhanus" (connect: 0.00s, validation: 0.01s, handshake: 0.24s)
[Licensing::IpcConnector] Successfully connected to the License Notification on channel: "LicenseClient-konradhanus-notifications" at "2024-08-10T08:48:34.776999Z"
[Licensing::Module] Error: Access token is unavailable; failed to update
[Licensing::Client] Successfully updated license
[Licensing::Client] Successfully resolved entitlements
[Licensing::Module] Serial number assigned to: "1375436735305-UnityPersXXXX"
Pro License: NO
Launching external process: /Applications/Unity/Hub/Editor/2022.3.18f1/Unity.app/Contents/Resources/PackageManager/Server/UnityPackageManager

COMMAND LINE ARGUMENTS:
/Applications/Unity/Hub/Editor/2022.3.18f1/Unity.app/Contents/MacOS/Unity
-quit
-batchmode
-projectPath
/Users/konradhanus/Desktop/GIT/PsiaApkaMapsGoogle
-executeMethod
BuildScript.iOS
-logFile
build.log
Successfully changed project path to: /Users/konradhanus/Desktop/GIT/PsiaApkaMapsGoogle
/Users/konradhanus/Desktop/GIT/PsiaApkaMapsGoogle
It looks like another Unity instance is running with this project open.

Multiple Unity instances cannot open the same project.

Project: /Users/konradhanus/Desktop/GIT/PsiaApkaMapsGoogle
Fatal Error! It looks like another Unity instance is running with this project open.

Multiple Unity instances cannot open the same project.

Project: /Users/konradhanus/Desktop/GIT/PsiaApkaMapsGoogle
[Package Manager] Server::Kill -- Server was shutdown
